Build started 12/26/2017 2:32:14 PM.
     1>Project "C:\Users\krish\Documents\Visual Studio 2013\Projects\go_back_n_receive\go_back_n_receive\go_back_n_receive.vcxproj" on node 2 (Build target(s)).
     1>ClCompile:
         C:\Program Files (x86)\Microsoft Visual Studio 12.0\VC\bin\CL.exe /c /ZI /nologo /W3 /WX- /Od /Oy- /D WIN32 /D _DEBUG /D _CONSOLE /D _LIB /D _UNICODE /D UNICODE /Gm /EHsc /RTC1 /MDd /GS /fp:precise /Zc:wchar_t /Zc:forScope /Fo"Debug\\" /Fd"Debug\vc120.pdb" /Gd /TP /analyze- /errorReport:prompt go_back_n_receive.cpp
         go_back_n_receive.cpp
     1>c:\users\krish\documents\visual studio 2013\projects\go_back_n_receive\go_back_n_receive\go_back_n_receive.cpp(6): warning C4996: 'fopen': This function or variable may be unsafe. Consider using fopen_s instead. To disable deprecation, use _CRT_SECURE_NO_WARNINGS. See online help for details.
                 c:\program files (x86)\microsoft visual studio 12.0\vc\include\stdio.h(211) : see declaration of 'fopen'
     1>c:\users\krish\documents\visual studio 2013\projects\go_back_n_receive\go_back_n_receive\go_back_n_receive.cpp(14): warning C4996: 'fopen': This function or variable may be unsafe. Consider using fopen_s instead. To disable deprecation, use _CRT_SECURE_NO_WARNINGS. See online help for details.
                 c:\program files (x86)\microsoft visual studio 12.0\vc\include\stdio.h(211) : see declaration of 'fopen'
     1>c:\users\krish\documents\visual studio 2013\projects\go_back_n_receive\go_back_n_receive\go_back_n_receive.cpp(23): warning C4996: 'scanf': This function or variable may be unsafe. Consider using scanf_s instead. To disable deprecation, use _CRT_SECURE_NO_WARNINGS. See online help for details.
                 c:\program files (x86)\microsoft visual studio 12.0\vc\include\stdio.h(283) : see declaration of 'scanf'
     1>c:\users\krish\documents\visual studio 2013\projects\go_back_n_receive\go_back_n_receive\go_back_n_receive.cpp(25): warning C4996: 'fopen': This function or variable may be unsafe. Consider using fopen_s instead. To disable deprecation, use _CRT_SECURE_NO_WARNINGS. See online help for details.
                 c:\program files (x86)\microsoft visual studio 12.0\vc\include\stdio.h(211) : see declaration of 'fopen'
     1>c:\users\krish\documents\visual studio 2013\projects\go_back_n_receive\go_back_n_receive\go_back_n_receive.cpp(28): warning C4996: 'itoa': The POSIX name for this item is deprecated. Instead, use the ISO C++ conformant name: _itoa. See online help for details.
                 c:\program files (x86)\microsoft visual studio 12.0\vc\include\stdlib.h(937) : see declaration of 'itoa'
     1>c:\users\krish\documents\visual studio 2013\projects\go_back_n_receive\go_back_n_receive\go_back_n_receive.cpp(33): warning C4996: 'fopen': This function or variable may be unsafe. Consider using fopen_s instead. To disable deprecation, use _CRT_SECURE_NO_WARNINGS. See online help for details.
                 c:\program files (x86)\microsoft visual studio 12.0\vc\include\stdio.h(211) : see declaration of 'fopen'
       Link:
         C:\Program Files (x86)\Microsoft Visual Studio 12.0\VC\bin\link.exe /ERRORREPORT:PROMPT /OUT:"C:\Users\krish\Documents\Visual Studio 2013\Projects\go_back_n_receive\Debug\go_back_n_receive.exe" /INCREMENTAL /NOLOGO kernel32.lib user32.lib gdi32.lib winspool.lib comdlg32.lib advapi32.lib shell32.lib ole32.lib oleaut32.lib uuid.lib odbc32.lib odbccp32.lib /MANIFEST /MANIFESTUAC:"level='asInvoker' uiAccess='false'" /manifest:embed /DEBUG /PDB:"C:\Users\krish\Documents\Visual Studio 2013\Projects\go_back_n_receive\Debug\go_back_n_receive.pdb" /SUBSYSTEM:CONSOLE /TLBID:1 /DYNAMICBASE /NXCOMPAT /IMPLIB:"C:\Users\krish\Documents\Visual Studio 2013\Projects\go_back_n_receive\Debug\go_back_n_receive.lib" /MACHINE:X86 Debug\go_back_n_receive.obj
         Debug\stdafx.obj
         go_back_n_receive.vcxproj -> C:\Users\krish\Documents\Visual Studio 2013\Projects\go_back_n_receive\Debug\go_back_n_receive.exe
     1>Done Building Project "C:\Users\krish\Documents\Visual Studio 2013\Projects\go_back_n_receive\go_back_n_receive\go_back_n_receive.vcxproj" (Build target(s)).

Build succeeded.

Time Elapsed 00:00:00.95
